0 info it worked if it ends with ok
1 verbose cli [ '/usr/bin/nodejs', '/usr/bin/npm', 'run', 'start:dev' ]
2 info using npm@2.15.5
3 info using node@v4.4.5
4 verbose run-script [ 'prestart:dev', 'start:dev', 'poststart:dev' ]
5 info prestart:dev meteor-events@
6 info start:dev meteor-events@
7 verbose unsafe-perm in lifecycle true
8 info meteor-events@ Failed to exec start:dev script
9 verbose stack Error: meteor-events@ start:dev: `meteor run --settings=settings/development.json`
9 verbose stack Exit status 254
9 verbose stack     at EventEmitter.<anonymous> (/usr/lib/node_modules/npm/lib/utils/lifecycle.js:217:16)
9 verbose stack     at emitTwo (events.js:87:13)
9 verbose stack     at EventEmitter.emit (events.js:172:7)
9 verbose stack     at ChildProcess.<anonymous> (/usr/lib/node_modules/npm/lib/utils/spawn.js:24:14)
9 verbose stack     at emitTwo (events.js:87:13)
9 verbose stack     at ChildProcess.emit (events.js:172:7)
9 verbose stack     at maybeClose (internal/child_process.js:827:16)
9 verbose stack     at Process.ChildProcess._handle.onexit (internal/child_process.js:211:5)
10 verbose pkgid meteor-events@
11 verbose cwd /home/dage/meteor-apps/meteor-events
12 error Linux 4.4.0-24-generic
13 error argv "/usr/bin/nodejs" "/usr/bin/npm" "run" "start:dev"
14 error node v4.4.5
15 error npm  v2.15.5
16 error code ELIFECYCLE
17 error meteor-events@ start:dev: `meteor run --settings=settings/development.json`
17 error Exit status 254
18 error Failed at the meteor-events@ start:dev script 'meteor run --settings=settings/development.json'.
18 error This is most likely a problem with the meteor-events package,
18 error not with npm itself.
18 error Tell the author that this fails on your system:
18 error     meteor run --settings=settings/development.json
18 error You can get information on how to open an issue for this project with:
18 error     npm bugs meteor-events
18 error Or if that isn't available, you can get their info via:
18 error
18 error     npm owner ls meteor-events
18 error There is likely additional logging output above.
19 verbose exit [ 1, true ]
